2023-06-11 11:47:01 | INFO: SQL(table: luot_gui, query: UPDATE luot_gui SET hinh_anh_vao='storage/images/1686458821.jpeg',gio_vao='2023-06-11 11:47:01') WHERE ma_luot_gui = '3')
2023-06-11 11:47:39 | INFO: SQL(table: luot_gui, query: UPDATE luot_gui SET hinh_anh_vao='storage/images/1686458859.jpeg',gio_vao='2023-06-11 11:47:39' WHERE ma_luot_gui = '3')
2023-06-11 11:48:56 | INFO: SQL(table: luot_gui, query: UPDATE luot_gui SET hinh_anh_ra='storage/images/1686458936.',gio_ra='2023-06-11 11:48:56' WHERE ma_luot_gui = '3')
2023-06-11 11:49:54 | INFO: SQL(table: luot_gui, query: UPDATE luot_gui SET hinh_anh_ra='storage/images/1686458994.',gio_ra='2023-06-11 11:49:54' WHERE ma_luot_gui = '3')
2023-06-11 11:50:01 | INFO: SQL(table: luot_gui, query: UPDATE luot_gui SET hinh_anh_ra='storage/images/1686459001.',gio_ra='2023-06-11 11:50:01' WHERE ma_luot_gui = '3')
2023-06-11 11:50:31 | INFO: SQL(table: luot_gui, query: UPDATE luot_gui SET hinh_anh_ra='storage/images/1686459031.png',gio_ra='2023-06-11 11:50:31' WHERE ma_luot_gui = '3')
2023-06-11 11:53:30 | INFO: SQL(table: luot_gui, query: UPDATE luot_gui SET hinh_anh_ra='storage/images/1686459210.webp',gio_ra='2023-06-11 11:53:30' WHERE ma_luot_gui = '24')
2023-06-11 11:55:43 | INFO: SQL(table: luot_gui, query: UPDATE luot_gui SET hinh_anh_ra='storage/images/1686459343.webp',gio_ra='2023-06-11 11:55:43' WHERE ma_luot_gui = '24')
2023-06-11 12:03:53 | INFO: SQL(table: luot_gui, query: UPDATE luot_gui SET hinh_anh_ra='storage/images/1686459833.webp',gio_ra='2023-06-11 12:03:53' WHERE ma_luot_gui = '24')
2023-06-11 12:04:13 | INFO: SQL(table: luot_gui, query: UPDATE luot_gui SET hinh_anh_ra='storage/images/1686459853.webp',gio_ra='2023-06-11 12:04:13' WHERE ma_luot_gui = '24')
2023-06-11 12:04:29 | INFO: SQL(table: luot_gui, query: UPDATE luot_gui SET hinh_anh_ra='storage/images/1686459869.webp',gio_ra='2023-06-11 12:04:29' WHERE ma_luot_gui = '24')
2023-06-11 12:04:55 | INFO: SQL(table: luot_gui, query: UPDATE luot_gui SET hinh_anh_ra='storage/images/1686459895.webp',gio_ra='2023-06-11 12:04:55' WHERE ma_luot_gui = '24')
2023-06-11 12:06:01 | INFO: SQL(table: luot_gui, query: UPDATE luot_gui SET hinh_anh_ra='storage/images/1686459960.webp',gio_ra='2023-06-11 12:06:00' WHERE ma_luot_gui = '24')
2023-06-11 12:06:55 | INFO: SQL(table: ve, query: SELECT * FROM ve WHERE ma_ve = '3')
2023-06-11 12:07:06 | INFO: SQL(table: ve, query: SELECT * FROM ve WHERE ma_ve = '4')
2023-06-11 12:09:48 | INFO: SQL(table: ve, query: SELECT * FROM ve WHERE ma_ve = '4')
2023-06-11 12:10:04 | INFO: SQL(table: luot_gui, query: UPDATE luot_gui SET hinh_anh_ra='storage/images/1686460204.png',gio_ra='2023-06-11 12:10:04' WHERE ma_luot_gui = '25')
2023-06-11 12:15:42 | INFO: SQL(table: ve, query: SELECT * FROM ve WHERE ma_ve = '1')
2023-06-11 12:15:53 | INFO: SQL(table: thong_tin_ve, query: SELECT * FROM thong_tin_ve WHERE ma_ve = '1')
2023-06-11 12:16:07 | INFO: SQL(table: luot_gui, query: INSERT INTO luot_gui(ma_ve,bien_so_xe,hinh_anh_vao,gio_vao) VALUES('4','','storage/images/1686460567.png','2023-06-11 12:16:07'))
2023-06-11 12:16:32 | INFO: SQL(table: ve, query: SELECT * FROM ve WHERE ma_ve = '1')
2023-06-11 12:16:35 | INFO: SQL(table: ve, query: SELECT * FROM ve WHERE ma_ve = '1')
2023-06-11 12:16:55 | INFO: SQL(table: ve, query: SELECT * FROM ve WHERE ma_ve = '1')
2023-06-11 12:17:10 | INFO: SQL(table: ve, query: SELECT * FROM ve WHERE ma_ve = '1')
2023-06-11 12:17:13 | INFO: SQL(table: thong_tin_ve, query: SELECT * FROM thong_tin_ve WHERE ma_ve = '1')
2023-06-11 12:17:18 | INFO: SQL(table: luot_gui, query: INSERT INTO luot_gui(ma_ve,bien_so_xe,hinh_anh_vao,gio_vao) VALUES('','','storage/images/1686460638.png','2023-06-11 12:17:18'))
2023-06-11 12:19:16 | INFO: SQL(table: ve, query: SELECT * FROM ve WHERE ma_ve = '1')
2023-06-11 12:19:18 | INFO: SQL(table: thong_tin_ve, query: SELECT * FROM thong_tin_ve WHERE ma_ve = '1')
2023-06-11 12:19:33 | INFO: SQL(table: luot_gui, query: INSERT INTO luot_gui(ma_ve,bien_so_xe,hinh_anh_vao,gio_vao) VALUES('1','','storage/images/1686460772.png','2023-06-11 12:19:32'))
2023-06-11 12:19:42 | INFO: SQL(table: ve, query: SELECT * FROM ve WHERE ma_ve = '1')
2023-06-11 12:19:53 | INFO: SQL(table: thong_tin_ve, query: SELECT * FROM thong_tin_ve WHERE ma_ve = '1')
2023-06-11 12:20:00 | INFO: SQL(table: thong_tin_ve, query: SELECT * FROM thong_tin_ve WHERE ma_ve = '1')
2023-06-11 12:20:11 | INFO: SQL(table: luot_gui, query: UPDATE luot_gui SET hinh_anh_ra='storage/images/1686460811.png',gio_ra='2023-06-11 12:20:11' WHERE ma_luot_gui = '28')
2023-06-11 12:27:07 | INFO: SQL(table: ve, query: SELECT * FROM ve WHERE ma_ve = '1')
2023-06-11 12:27:11 | INFO: SQL(table: thong_tin_ve, query: SELECT * FROM thong_tin_ve WHERE ma_ve = '1')
2023-06-11 12:27:18 | INFO: SQL(table: luot_gui, query: INSERT INTO luot_gui(ma_ve,bien_so_xe,hinh_anh_vao,gio_vao) VALUES('1','','storage/images/1686461238.png','2023-06-11 12:27:18'))
2023-06-11 12:27:18 | INFO: SQL(table: luot_gui, query: SELECT * FROM luot_gui WHERE ma_luot_gui = '29')
2023-06-11 12:31:51 | INFO: SQL(table: ve, query: SELECT * FROM ve WHERE ma_ve = '1')
2023-06-11 12:32:00 | INFO: SQL(table: thong_tin_ve, query: SELECT * FROM thong_tin_ve WHERE ma_ve = '1')
2023-06-11 12:32:01 | INFO: SQL(table: thong_tin_ve, query: SELECT * FROM thong_tin_ve WHERE ma_ve = '1')
2023-06-11 12:32:12 | INFO: SQL(table: luot_gui, query: INSERT INTO luot_gui(ma_ve,bien_so_xe,hinh_anh_vao,gio_vao) VALUES('1','','storage/images/1686461532.png','2023-06-11 12:32:12'))
2023-06-11 12:32:12 | INFO: SQL(table: luot_gui, query: SELECT * FROM luot_gui WHERE ma_luot_gui = '30')
2023-06-11 12:33:21 | INFO: SQL(table: ve, query: SELECT * FROM ve WHERE ma_ve = '1')
2023-06-11 12:33:24 | INFO: SQL(table: thong_tin_ve, query: SELECT * FROM thong_tin_ve WHERE ma_ve = '1')
2023-06-11 12:33:39 | INFO: SQL(table: luot_gui, query: INSERT INTO luot_gui(ma_ve,bien_so_xe,hinh_anh_vao,gio_vao) VALUES('1','','storage/images/1686461619.','2023-06-11 12:33:39'))
2023-06-11 12:33:39 | INFO: SQL(table: luot_gui, query: SELECT * FROM luot_gui WHERE ma_luot_gui = '31')
2023-06-11 12:33:52 | INFO: SQL(table: luot_gui, query: INSERT INTO luot_gui(ma_ve,bien_so_xe,hinh_anh_vao,gio_vao) VALUES('','','storage/images/1686461632.webm','2023-06-11 12:33:52'))
2023-06-11 12:35:28 | INFO: SQL(table: ve, query: SELECT * FROM ve WHERE ma_ve = '1')
2023-06-11 12:35:50 | INFO: SQL(table: ve, query: SELECT * FROM ve WHERE ma_ve = '1')
2023-06-11 12:35:53 | INFO: SQL(table: thong_tin_ve, query: SELECT * FROM thong_tin_ve WHERE ma_ve = '1')
2023-06-11 12:36:02 | INFO: SQL(table: luot_gui, query: INSERT INTO luot_gui(ma_ve,bien_so_xe,hinh_anh_vao,gio_vao) VALUES('1','','storage/images/1686461762.png','2023-06-11 12:36:02'))
2023-06-11 12:36:02 | INFO: SQL(table: luot_gui, query: SELECT * FROM luot_gui WHERE ma_luot_gui = '33')
2023-06-11 12:36:54 | INFO: SQL(table: ve, query: SELECT * FROM ve WHERE ma_ve = '1')
2023-06-11 12:36:56 | INFO: SQL(table: thong_tin_ve, query: SELECT * FROM thong_tin_ve WHERE ma_ve = '1')
2023-06-11 12:43:04 | INFO: SQL(table: ve, query: SELECT * FROM ve WHERE ma_ve = '1')
2023-06-11 12:43:06 | INFO: SQL(table: thong_tin_ve, query: SELECT * FROM thong_tin_ve WHERE ma_ve = '1')
2023-06-11 12:48:58 | INFO: SQL(table: ve, query: SELECT * FROM ve WHERE ma_ve = '1')
2023-06-11 12:49:02 | INFO: SQL(table: thong_tin_ve, query: SELECT * FROM thong_tin_ve WHERE ma_ve = '1')
2023-06-11 12:49:07 | INFO: SQL(table: luot_gui, query: INSERT INTO luot_gui(ma_ve,bien_so_xe,hinh_anh_vao,gio_vao) VALUES('1','123','storage/images/1686462547.png','2023-06-11 12:49:07'))
2023-06-11 12:49:07 | INFO: SQL(table: luot_gui, query: SELECT * FROM luot_gui WHERE ma_luot_gui = '34')
2023-06-11 13:41:21 | INFO: SQL(table: ve, query: SELECT * FROM ve WHERE ma_ve = '')
2023-06-11 13:41:23 | INFO: SQL(table: ve, query: SELECT * FROM ve WHERE ma_ve = '1')
2023-06-11 13:41:27 | INFO: SQL(table: thong_tin_ve, query: SELECT * FROM thong_tin_ve WHERE ma_ve = '1')
2023-06-11 13:41:33 | INFO: SQL(table: luot_gui, query: UPDATE luot_gui SET hinh_anh_ra='storage/images/1686465693.png',gio_ra='2023-06-11 13:41:33' WHERE ma_luot_gui = '34')
2023-06-11 13:41:33 | INFO: SQL(table: luot_gui, query: SELECT * FROM luot_gui WHERE ma_luot_gui = '34')
2023-06-11 13:41:47 | INFO: SQL(table: luot_gui, query: UPDATE luot_gui SET hinh_anh_ra='storage/images/1686465707.png',gio_ra='2023-06-11 13:41:47' WHERE ma_luot_gui = '')
2023-06-11 13:41:47 | INFO: SQL(table: luot_gui, query: SELECT * FROM luot_gui WHERE ma_luot_gui = '')
2023-06-11 13:57:44 | INFO: SQL(table: ve, query: SELECT * FROM ve WHERE ma_ve = '1')
2023-06-11 13:57:48 | INFO: SQL(table: thong_tin_ve, query: SELECT * FROM thong_tin_ve WHERE ma_ve = '1')
2023-06-11 13:57:53 | INFO: SQL(table: luot_gui, query: INSERT INTO luot_gui(ma_ve,bien_so_xe,hinh_anh_vao,gio_vao) VALUES('1','123','storage/images/1686466673.png','2023-06-11 13:57:53'))
2023-06-11 13:57:53 | INFO: SQL(table: luot_gui, query: SELECT * FROM luot_gui WHERE ma_luot_gui = '35')
2023-06-11 13:58:01 | INFO: SQL(table: ve, query: SELECT * FROM ve WHERE ma_ve = '1')
2023-06-11 13:58:05 | INFO: SQL(table: ve, query: SELECT * FROM ve WHERE ma_ve = '1')
2023-06-11 13:58:26 | INFO: SQL(table: ve, query: SELECT * FROM ve WHERE ma_ve = '1')
2023-06-11 13:59:05 | INFO: SQL(table: ve, query: SELECT * FROM ve WHERE ma_ve = '1')
2023-06-11 13:59:14 | INFO: SQL(table: ve, query: SELECT * FROM ve WHERE ma_ve = '1')
2023-06-11 13:59:34 | INFO: SQL(table: ve, query: SELECT * FROM ve WHERE ma_ve = '1')
2023-06-11 13:59:46 | INFO: SQL(table: thong_tin_ve, query: SELECT * FROM thong_tin_ve WHERE ma_ve = '1')
2023-06-11 14:00:25 | INFO: SQL(table: luot_gui, query: INSERT INTO luot_gui(ma_ve,bien_so_xe,hinh_anh_vao,gio_vao) VALUES('','','storage/images/1686466825.png','2023-06-11 14:00:25'))
2023-06-11 14:00:28 | INFO: SQL(table: ve, query: SELECT * FROM ve WHERE ma_ve = '5')
2023-06-11 14:00:51 | INFO: SQL(table: luot_gui, query: INSERT INTO luot_gui(ma_ve,bien_so_xe,hinh_anh_vao,gio_vao) VALUES('5','20A-9999','storage/images/1686466851.webp','2023-06-11 14:00:51'))
2023-06-11 14:00:51 | INFO: SQL(table: luot_gui, query: SELECT * FROM luot_gui WHERE ma_luot_gui = '37')
2023-06-11 14:01:08 | INFO: SQL(table: ve, query: SELECT * FROM ve WHERE ma_ve = '5')
2023-06-11 14:13:50 | INFO: SQL(table: ve, query: SELECT * FROM ve WHERE ma_ve = '5')
2023-06-11 14:40:31 | INFO: SQL(table: ve, query: SELECT * FROM ve WHERE ma_ve = '5')
2023-06-11 14:41:18 | INFO: SQL(table: ve, query: SELECT * FROM ve WHERE ma_ve = '5')
2023-06-11 14:41:23 | INFO: SQL(table: ve, query: SELECT * FROM ve WHERE ma_ve = '5')
2023-06-11 14:41:36 | INFO: SQL(table: ve, query: SELECT * FROM ve WHERE ma_ve = '1')
2023-06-11 14:42:23 | INFO: SQL(table: ve, query: SELECT * FROM ve WHERE ma_ve = '5')
2023-06-11 14:44:11 | INFO: SQL(table: ve, query: SELECT * FROM ve WHERE ma_ve = '5')
2023-06-11 14:45:30 | INFO: SQL(table: luot_gui, query: UPDATE luot_gui SET hinh_anh_ra='storage/images/1686469530.png',gio_ra='2023-06-11 14:45:30' WHERE ma_luot_gui = '37')
2023-06-11 14:45:30 | INFO: SQL(table: luot_gui, query: SELECT * FROM luot_gui WHERE ma_luot_gui = '37')
2023-06-11 14:48:51 | INFO: SQL(table: ve, query: SELECT * FROM ve WHERE ma_ve = '5')
2023-06-11 15:47:27 | INFO: SQL(table: ve, query: SELECT * FROM ve WHERE ma_ve = '5')
2023-06-11 15:48:43 | INFO: SQL(table: luot_gui, query: UPDATE luot_gui SET hinh_anh_ra='storage/images/1686473323.webp',gio_ra='2023-06-11 15:48:43' WHERE ma_luot_gui = '37')
2023-06-11 15:48:43 | INFO: SQL(table: luot_gui, query: SELECT * FROM luot_gui WHERE ma_luot_gui = '37')
2023-06-11 20:54:46 | INFO: SQL(table: ve, query: SELECT * FROM ve WHERE ma_ve = '1')
2023-06-11 20:54:50 | INFO: SQL(table: thong_tin_ve, query: SELECT * FROM thong_tin_ve WHERE ma_ve = '1')
2023-06-11 21:36:27 | INFO: SQL(table: ve, query: SELECT * FROM ve INNER JOIN thong_tin_ve ON ve.ma_ve = thong_tin_ve.ma_ve
             INNER JOIN chu_ho ON chu_ho.ma_can_ho = thong_tin_ve.ma_can_ho
              LIMIT 0, 25)
2023-06-11 21:36:31 | INFO: SQL(table: chu_ho, query: SELECT * FROM chu_ho WHERE ma_can_ho = '1')
2023-06-11 22:50:52 | INFO: SQL(table: ve, query: SELECT * FROM ve WHERE ma_ve = '4')
2023-06-11 22:51:21 | INFO: SQL(table: luot_gui, query: INSERT INTO luot_gui(ma_ve,bien_so_xe,hinh_anh_vao,gio_vao) VALUES('4','12A - 12244','storage/images/1686498681.png','2023-06-11 22:51:21'))
2023-06-11 22:51:21 | INFO: SQL(table: luot_gui, query: SELECT * FROM luot_gui WHERE ma_luot_gui = '38')
2023-06-11 22:51:46 | INFO: SQL(table: ve, query: SELECT * FROM ve WHERE ma_ve = '4')
2023-06-11 23:18:00 | INFO: SQL(table: luot_gui, query: UPDATE luot_gui SET hinh_anh_ra='storage/images/1686500280.png',gio_ra='2023-06-11 23:18:00' WHERE ma_luot_gui = '38')
2023-06-11 23:18:00 | INFO: SQL(table: luot_gui, query: SELECT * FROM luot_gui WHERE ma_luot_gui = '38')
